2025-06-30 23:52:12 INFO  [SpringApplicationShutdownHook] o.s.o.j.LocalContainerEntityManagerFactoryBean - Closing JPA EntityManagerFactory for persistence unit 'default'
2025-06-30 23:52:12 INFO  [SpringApplicationShutdownHook] com.zaxxer.hikari.HikariDataSource - d2 - Shutdown initiated...
2025-06-30 23:52:12 INFO  [SpringApplicationShutdownHook] com.zaxxer.hikari.HikariDataSource - d2 - Shutdown completed.
2025-06-30 23:52:19 INFO  [main] n.e.journalApp.JournalApplication - Starting JournalApplication using Java 21.0.7 with PID 17724 (D:\journalApp\journalApp\target\classes started by pdeen in D:\journalApp)
2025-06-30 23:52:19 DEBUG [main] n.e.journalApp.JournalApplication - Running with Spring Boot v3.2.4, Spring v6.1.5
2025-06-30 23:52:19 INFO  [main] n.e.journalApp.JournalApplication - The following 1 profile is active: "dev"
2025-06-30 23:52:21 INFO  [main] o.s.d.r.c.RepositoryConfigurationDelegate - Multiple Spring Data modules found, entering strict repository configuration mode
2025-06-30 23:52:21 INFO  [main] o.s.d.r.c.RepositoryConfigurationDelegate - Bootstrapping Spring Data JPA repositories in DEFAULT mode.
2025-06-30 23:52:21 INFO  [main] o.s.d.r.c.RepositoryConfigurationDelegate - Finished Spring Data repository scanning in 211 ms. Found 2 JPA repository interfaces.
2025-06-30 23:52:21 INFO  [main] o.s.d.r.c.RepositoryConfigurationDelegate - Multiple Spring Data modules found, entering strict repository configuration mode
2025-06-30 23:52:21 INFO  [main] o.s.d.r.c.RepositoryConfigurationDelegate - Bootstrapping Spring Data Redis repositories in DEFAULT mode.
2025-06-30 23:52:21 INFO  [main] o.s.d.r.c.RepositoryConfigurationExtensionSupport - Spring Data Redis - Could not safely identify store assignment for repository candidate interface net.engineeringdigest.journalApp.repository.JournalEntryRepository; If you want this repository to be a Redis repository, consider annotating your entities with one of these annotations: org.springframework.data.redis.core.RedisHash (preferred), or consider extending one of the following types with your repository: org.springframework.data.keyvalue.repository.KeyValueRepository
2025-06-30 23:52:21 INFO  [main] o.s.d.r.c.RepositoryConfigurationExtensionSupport - Spring Data Redis - Could not safely identify store assignment for repository candidate interface net.engineeringdigest.journalApp.repository.UserRepository; If you want this repository to be a Redis repository, consider annotating your entities with one of these annotations: org.springframework.data.redis.core.RedisHash (preferred), or consider extending one of the following types with your repository: org.springframework.data.keyvalue.repository.KeyValueRepository
2025-06-30 23:52:21 INFO  [main] o.s.d.r.c.RepositoryConfigurationDelegate - Finished Spring Data repository scanning in 13 ms. Found 0 Redis repository interfaces.
2025-06-30 23:52:23 INFO  [main] o.s.b.w.e.tomcat.TomcatWebServer - Tomcat initialized with port 8080 (http)
2025-06-30 23:52:23 INFO  [main] o.a.coyote.http11.Http11NioProtocol - Initializing ProtocolHandler ["http-nio-8080"]
2025-06-30 23:52:23 INFO  [main] o.a.catalina.core.StandardService - Starting service [Tomcat]
2025-06-30 23:52:23 INFO  [main] o.a.catalina.core.StandardEngine - Starting Servlet engine: [Apache Tomcat/10.1.19]
2025-06-30 23:52:23 INFO  [main] o.a.c.c.C.[Tomcat].[localhost].[/] - Initializing Spring embedded WebApplicationContext
2025-06-30 23:52:23 INFO  [main] o.s.b.w.s.c.ServletWebServerApplicationContext - Root WebApplicationContext: initialization completed in 3716 ms
2025-06-30 23:52:24 INFO  [main] o.s.o.j.p.SpringPersistenceUnitInfo - No LoadTimeWeaver setup: ignoring JPA class transformer
2025-06-30 23:52:24 INFO  [main] com.zaxxer.hikari.HikariDataSource - d2 - Starting...
2025-06-30 23:52:25 INFO  [main] com.zaxxer.hikari.pool.HikariPool - d2 - Added connection com.mysql.cj.jdbc.ConnectionImpl@628bcf2c
2025-06-30 23:52:25 INFO  [main] com.zaxxer.hikari.HikariDataSource - d2 - Start completed.
2025-06-30 23:52:25 WARN  [main] org.hibernate.orm.deprecation - HHH90000025: MySQLDialect does not need to be specified explicitly using 'hibernate.dialect' (remove the property setting and it will be selected by default)
2025-06-30 23:52:26 INFO  [main] o.s.o.j.LocalContainerEntityManagerFactoryBean - Initialized JPA EntityManagerFactory for persistence unit 'default'
2025-06-30 23:52:27 WARN  [main] o.s.b.a.o.j.JpaBaseConfiguration$JpaWebConfiguration - spring.jpa.open-in-view is enabled by default. Therefore, database queries may be performed during view rendering. Explicitly configure spring.jpa.open-in-view to disable this warning
2025-06-30 23:52:28 INFO  [main] o.s.s.web.DefaultSecurityFilterChain - Will secure any request with [org.springframework.security.web.session.DisableEncodeUrlFilter@6d598162, org.springframework.security.web.context.request.async.WebAsyncManagerIntegrationFilter@679f3e12, org.springframework.security.web.context.SecurityContextHolderFilter@2ab0ca04, org.springframework.security.web.header.HeaderWriterFilter@d3e9629, org.springframework.web.filter.CorsFilter@5b285847, org.springframework.security.web.authentication.logout.LogoutFilter@360b6ea1, org.springframework.security.web.authentication.www.BasicAuthenticationFilter@407956a5, org.springframework.security.web.savedrequest.RequestCacheAwareFilter@7d569c10, org.springframework.security.web.servletapi.SecurityContextHolderAwareRequestFilter@26bd2d7d, org.springframework.security.web.authentication.AnonymousAuthenticationFilter@57af157c, org.springframework.security.web.access.ExceptionTranslationFilter@40fd9358, org.springframework.security.web.access.intercept.AuthorizationFilter@12d76643]
2025-06-30 23:52:28 INFO  [main] o.a.coyote.http11.Http11NioProtocol - Starting ProtocolHandler ["http-nio-8080"]
2025-06-30 23:52:28 INFO  [main] o.s.b.w.e.tomcat.TomcatWebServer - Tomcat started on port 8080 (http) with context path ''
2025-06-30 23:52:28 INFO  [main] n.e.journalApp.JournalApplication - Started JournalApplication in 10.26 seconds (process running for 11.318)
2025-06-30 23:52:37 INFO  [http-nio-8080-exec-3] o.a.c.c.C.[Tomcat].[localhost].[/] - Initializing Spring DispatcherServlet 'dispatcherServlet'
2025-06-30 23:52:37 INFO  [http-nio-8080-exec-3] o.s.web.servlet.DispatcherServlet - Initializing Servlet 'dispatcherServlet'
2025-06-30 23:52:37 INFO  [http-nio-8080-exec-3] o.s.web.servlet.DispatcherServlet - Completed initialization in 3 ms
2025-06-30 23:52:38 INFO  [http-nio-8080-exec-3] n.e.journalApp.service.RedisService - Cache miss for key: Weather_of_Mumbai
2025-06-30 23:52:40 INFO  [http-nio-8080-exec-3] n.e.journalApp.service.RedisService - Caching weather data. Key: Weather_of_Mumbai, Value: {"current":{"temperature":28,"feelslike":34,"observation_time":"06:23 PM","weather_descriptions":["Mist"]}}
