2025-06-21 23:19:42 INFO  [SpringApplicationShutdownHook] o.s.o.j.LocalContainerEntityManagerFactoryBean - Closing JPA EntityManagerFactory for persistence unit 'default'
2025-06-21 23:19:42 INFO  [SpringApplicationShutdownHook] com.zaxxer.hikari.HikariDataSource - d2 - Shutdown initiated...
2025-06-21 23:19:42 INFO  [SpringApplicationShutdownHook] com.zaxxer.hikari.HikariDataSource - d2 - Shutdown completed.
2025-06-21 23:19:49 INFO  [main] n.e.journalApp.JournalApplication - Starting JournalApplication using Java 21.0.7 with PID 3708 (D:\journalApp\journalApp\target\classes started by pdeen in D:\journalApp)
2025-06-21 23:19:49 DEBUG [main] n.e.journalApp.JournalApplication - Running with Spring Boot v3.2.4, Spring v6.1.5
2025-06-21 23:19:49 INFO  [main] n.e.journalApp.JournalApplication - The following 1 profile is active: "dev"
2025-06-21 23:19:50 INFO  [main] o.s.d.r.c.RepositoryConfigurationDelegate - Bootstrapping Spring Data JPA repositories in DEFAULT mode.
2025-06-21 23:19:50 INFO  [main] o.s.d.r.c.RepositoryConfigurationDelegate - Finished Spring Data repository scanning in 73 ms. Found 2 JPA repository interfaces.
2025-06-21 23:19:51 INFO  [main] o.s.b.w.e.tomcat.TomcatWebServer - Tomcat initialized with port 8080 (http)
2025-06-21 23:19:51 INFO  [main] o.a.coyote.http11.Http11NioProtocol - Initializing ProtocolHandler ["http-nio-8080"]
2025-06-21 23:19:51 INFO  [main] o.a.catalina.core.StandardService - Starting service [Tomcat]
2025-06-21 23:19:51 INFO  [main] o.a.catalina.core.StandardEngine - Starting Servlet engine: [Apache Tomcat/10.1.19]
2025-06-21 23:19:51 INFO  [main] o.a.c.c.C.[Tomcat].[localhost].[/] - Initializing Spring embedded WebApplicationContext
2025-06-21 23:19:51 INFO  [main] o.s.b.w.s.c.ServletWebServerApplicationContext - Root WebApplicationContext: initialization completed in 2046 ms
2025-06-21 23:19:52 INFO  [main] o.s.o.j.p.SpringPersistenceUnitInfo - No LoadTimeWeaver setup: ignoring JPA class transformer
2025-06-21 23:19:52 INFO  [main] com.zaxxer.hikari.HikariDataSource - d2 - Starting...
2025-06-21 23:19:52 INFO  [main] com.zaxxer.hikari.pool.HikariPool - d2 - Added connection com.mysql.cj.jdbc.ConnectionImpl@29c25bbc
2025-06-21 23:19:52 INFO  [main] com.zaxxer.hikari.HikariDataSource - d2 - Start completed.
2025-06-21 23:19:52 WARN  [main] org.hibernate.orm.deprecation - HHH90000025: MySQLDialect does not need to be specified explicitly using 'hibernate.dialect' (remove the property setting and it will be selected by default)
2025-06-21 23:19:54 INFO  [main] o.s.o.j.LocalContainerEntityManagerFactoryBean - Initialized JPA EntityManagerFactory for persistence unit 'default'
2025-06-21 23:19:54 WARN  [main] o.s.b.a.o.j.JpaBaseConfiguration$JpaWebConfiguration - spring.jpa.open-in-view is enabled by default. Therefore, database queries may be performed during view rendering. Explicitly configure spring.jpa.open-in-view to disable this warning
2025-06-21 23:19:55 INFO  [main] o.s.s.web.DefaultSecurityFilterChain - Will secure any request with [org.springframework.security.web.session.DisableEncodeUrlFilter@57eb2555, org.springframework.security.web.context.request.async.WebAsyncManagerIntegrationFilter@490f2fad, org.springframework.security.web.context.SecurityContextHolderFilter@669b8190, org.springframework.security.web.header.HeaderWriterFilter@1e14ed59, org.springframework.web.filter.CorsFilter@3ed3e66d, org.springframework.security.web.authentication.logout.LogoutFilter@445d878c, org.springframework.security.web.authentication.www.BasicAuthenticationFilter@56e9126f, org.springframework.security.web.savedrequest.RequestCacheAwareFilter@27f8f1cc, org.springframework.security.web.servletapi.SecurityContextHolderAwareRequestFilter@473c491, org.springframework.security.web.authentication.AnonymousAuthenticationFilter@e9947af, org.springframework.security.web.access.ExceptionTranslationFilter@6aa85fcf, org.springframework.security.web.access.intercept.AuthorizationFilter@7aa62a90]
2025-06-21 23:19:55 INFO  [main] o.a.coyote.http11.Http11NioProtocol - Starting ProtocolHandler ["http-nio-8080"]
2025-06-21 23:19:55 INFO  [main] o.s.b.w.e.tomcat.TomcatWebServer - Tomcat started on port 8080 (http) with context path ''
2025-06-21 23:19:55 INFO  [main] n.e.journalApp.JournalApplication - Started JournalApplication in 6.544 seconds (process running for 7.387)
