2025-06-22 23:25:24 INFO  [SpringApplicationShutdownHook] o.s.o.j.LocalContainerEntityManagerFactoryBean - Closing JPA EntityManagerFactory for persistence unit 'default'
2025-06-22 23:25:24 INFO  [SpringApplicationShutdownHook] com.zaxxer.hikari.HikariDataSource - d2 - Shutdown initiated...
2025-06-22 23:25:24 INFO  [SpringApplicationShutdownHook] com.zaxxer.hikari.HikariDataSource - d2 - Shutdown completed.
2025-06-22 23:25:30 INFO  [main] n.e.journalApp.JournalApplication - Starting JournalApplication using Java 21.0.7 with PID 9776 (D:\journalApp\journalApp\target\classes started by pdeen in D:\journalApp)
2025-06-22 23:25:30 DEBUG [main] n.e.journalApp.JournalApplication - Running with Spring Boot v3.2.4, Spring v6.1.5
2025-06-22 23:25:30 INFO  [main] n.e.journalApp.JournalApplication - The following 1 profile is active: "dev"
2025-06-22 23:25:31 INFO  [main] o.s.d.r.c.RepositoryConfigurationDelegate - Bootstrapping Spring Data JPA repositories in DEFAULT mode.
2025-06-22 23:25:31 INFO  [main] o.s.d.r.c.RepositoryConfigurationDelegate - Finished Spring Data repository scanning in 65 ms. Found 2 JPA repository interfaces.
2025-06-22 23:25:32 INFO  [main] o.s.b.w.e.tomcat.TomcatWebServer - Tomcat initialized with port 8080 (http)
2025-06-22 23:25:32 INFO  [main] o.a.coyote.http11.Http11NioProtocol - Initializing ProtocolHandler ["http-nio-8080"]
2025-06-22 23:25:32 INFO  [main] o.a.catalina.core.StandardService - Starting service [Tomcat]
2025-06-22 23:25:32 INFO  [main] o.a.catalina.core.StandardEngine - Starting Servlet engine: [Apache Tomcat/10.1.19]
2025-06-22 23:25:32 INFO  [main] o.a.c.c.C.[Tomcat].[localhost].[/] - Initializing Spring embedded WebApplicationContext
2025-06-22 23:25:32 INFO  [main] o.s.b.w.s.c.ServletWebServerApplicationContext - Root WebApplicationContext: initialization completed in 2408 ms
2025-06-22 23:25:33 INFO  [main] o.s.o.j.p.SpringPersistenceUnitInfo - No LoadTimeWeaver setup: ignoring JPA class transformer
2025-06-22 23:25:33 INFO  [main] com.zaxxer.hikari.HikariDataSource - d2 - Starting...
2025-06-22 23:25:34 INFO  [main] com.zaxxer.hikari.pool.HikariPool - d2 - Added connection com.mysql.cj.jdbc.ConnectionImpl@592cb470
2025-06-22 23:25:34 INFO  [main] com.zaxxer.hikari.HikariDataSource - d2 - Start completed.
2025-06-22 23:25:34 WARN  [main] org.hibernate.orm.deprecation - HHH90000025: MySQLDialect does not need to be specified explicitly using 'hibernate.dialect' (remove the property setting and it will be selected by default)
2025-06-22 23:25:35 INFO  [main] o.s.o.j.LocalContainerEntityManagerFactoryBean - Initialized JPA EntityManagerFactory for persistence unit 'default'
2025-06-22 23:25:36 WARN  [main] o.s.b.a.o.j.JpaBaseConfiguration$JpaWebConfiguration - spring.jpa.open-in-view is enabled by default. Therefore, database queries may be performed during view rendering. Explicitly configure spring.jpa.open-in-view to disable this warning
2025-06-22 23:25:37 INFO  [main] o.s.s.web.DefaultSecurityFilterChain - Will secure any request with [org.springframework.security.web.session.DisableEncodeUrlFilter@197da701, org.springframework.security.web.context.request.async.WebAsyncManagerIntegrationFilter@35fd03d9, org.springframework.security.web.context.SecurityContextHolderFilter@40dcbf7, org.springframework.security.web.header.HeaderWriterFilter@5bd191c2, org.springframework.web.filter.CorsFilter@77737e3e, org.springframework.security.web.authentication.logout.LogoutFilter@7f922523, org.springframework.security.web.authentication.www.BasicAuthenticationFilter@33f3ebfc, org.springframework.security.web.savedrequest.RequestCacheAwareFilter@19565b5, org.springframework.security.web.servletapi.SecurityContextHolderAwareRequestFilter@2ac7c683, org.springframework.security.web.authentication.AnonymousAuthenticationFilter@42e32feb, org.springframework.security.web.access.ExceptionTranslationFilter@752e50c6, org.springframework.security.web.access.intercept.AuthorizationFilter@cbd3871]
2025-06-22 23:25:37 INFO  [main] o.a.coyote.http11.Http11NioProtocol - Starting ProtocolHandler ["http-nio-8080"]
2025-06-22 23:25:37 INFO  [main] o.s.b.w.e.tomcat.TomcatWebServer - Tomcat started on port 8080 (http) with context path ''
2025-06-22 23:25:37 INFO  [main] n.e.journalApp.JournalApplication - Started JournalApplication in 8.016 seconds (process running for 9.226)
2025-06-22 23:25:42 INFO  [http-nio-8080-exec-1] o.a.c.c.C.[Tomcat].[localhost].[/] - Initializing Spring DispatcherServlet 'dispatcherServlet'
2025-06-22 23:25:42 INFO  [http-nio-8080-exec-1] o.s.web.servlet.DispatcherServlet - Initializing Servlet 'dispatcherServlet'
2025-06-22 23:25:42 INFO  [http-nio-8080-exec-1] o.s.web.servlet.DispatcherServlet - Completed initialization in 3 ms
