2025-06-30 23:27:37 INFO  [SpringApplicationShutdownHook] o.s.o.j.LocalContainerEntityManagerFactoryBean - Closing JPA EntityManagerFactory for persistence unit 'default'
2025-06-30 23:27:37 INFO  [SpringApplicationShutdownHook] com.zaxxer.hikari.HikariDataSource - d2 - Shutdown initiated...
2025-06-30 23:27:37 INFO  [SpringApplicationShutdownHook] com.zaxxer.hikari.HikariDataSource - d2 - Shutdown completed.
2025-06-30 23:27:43 INFO  [main] n.e.journalApp.JournalApplication - Starting JournalApplication using Java 21.0.7 with PID 13632 (D:\journalApp\journalApp\target\classes started by pdeen in D:\journalApp)
2025-06-30 23:27:43 DEBUG [main] n.e.journalApp.JournalApplication - Running with Spring Boot v3.2.4, Spring v6.1.5
2025-06-30 23:27:43 INFO  [main] n.e.journalApp.JournalApplication - The following 1 profile is active: "dev"
2025-06-30 23:27:45 INFO  [main] o.s.d.r.c.RepositoryConfigurationDelegate - Multiple Spring Data modules found, entering strict repository configuration mode
2025-06-30 23:27:45 INFO  [main] o.s.d.r.c.RepositoryConfigurationDelegate - Bootstrapping Spring Data JPA repositories in DEFAULT mode.
2025-06-30 23:27:45 INFO  [main] o.s.d.r.c.RepositoryConfigurationDelegate - Finished Spring Data repository scanning in 170 ms. Found 2 JPA repository interfaces.
2025-06-30 23:27:45 INFO  [main] o.s.d.r.c.RepositoryConfigurationDelegate - Multiple Spring Data modules found, entering strict repository configuration mode
2025-06-30 23:27:45 INFO  [main] o.s.d.r.c.RepositoryConfigurationDelegate - Bootstrapping Spring Data Redis repositories in DEFAULT mode.
2025-06-30 23:27:45 INFO  [main] o.s.d.r.c.RepositoryConfigurationExtensionSupport - Spring Data Redis - Could not safely identify store assignment for repository candidate interface net.engineeringdigest.journalApp.repository.JournalEntryRepository; If you want this repository to be a Redis repository, consider annotating your entities with one of these annotations: org.springframework.data.redis.core.RedisHash (preferred), or consider extending one of the following types with your repository: org.springframework.data.keyvalue.repository.KeyValueRepository
2025-06-30 23:27:45 INFO  [main] o.s.d.r.c.RepositoryConfigurationExtensionSupport - Spring Data Redis - Could not safely identify store assignment for repository candidate interface net.engineeringdigest.journalApp.repository.UserRepository; If you want this repository to be a Redis repository, consider annotating your entities with one of these annotations: org.springframework.data.redis.core.RedisHash (preferred), or consider extending one of the following types with your repository: org.springframework.data.keyvalue.repository.KeyValueRepository
2025-06-30 23:27:45 INFO  [main] o.s.d.r.c.RepositoryConfigurationDelegate - Finished Spring Data repository scanning in 14 ms. Found 0 Redis repository interfaces.
2025-06-30 23:27:46 INFO  [main] o.s.b.w.e.tomcat.TomcatWebServer - Tomcat initialized with port 8080 (http)
2025-06-30 23:27:46 INFO  [main] o.a.coyote.http11.Http11NioProtocol - Initializing ProtocolHandler ["http-nio-8080"]
2025-06-30 23:27:46 INFO  [main] o.a.catalina.core.StandardService - Starting service [Tomcat]
2025-06-30 23:27:46 INFO  [main] o.a.catalina.core.StandardEngine - Starting Servlet engine: [Apache Tomcat/10.1.19]
2025-06-30 23:27:46 INFO  [main] o.a.c.c.C.[Tomcat].[localhost].[/] - Initializing Spring embedded WebApplicationContext
2025-06-30 23:27:46 INFO  [main] o.s.b.w.s.c.ServletWebServerApplicationContext - Root WebApplicationContext: initialization completed in 2975 ms
2025-06-30 23:27:48 INFO  [main] o.s.o.j.p.SpringPersistenceUnitInfo - No LoadTimeWeaver setup: ignoring JPA class transformer
2025-06-30 23:27:48 INFO  [main] com.zaxxer.hikari.HikariDataSource - d2 - Starting...
2025-06-30 23:27:48 INFO  [main] com.zaxxer.hikari.pool.HikariPool - d2 - Added connection com.mysql.cj.jdbc.ConnectionImpl@4b76251c
2025-06-30 23:27:48 INFO  [main] com.zaxxer.hikari.HikariDataSource - d2 - Start completed.
2025-06-30 23:27:48 WARN  [main] org.hibernate.orm.deprecation - HHH90000025: MySQLDialect does not need to be specified explicitly using 'hibernate.dialect' (remove the property setting and it will be selected by default)
2025-06-30 23:27:50 INFO  [main] o.s.o.j.LocalContainerEntityManagerFactoryBean - Initialized JPA EntityManagerFactory for persistence unit 'default'
2025-06-30 23:27:51 WARN  [main] o.s.b.a.o.j.JpaBaseConfiguration$JpaWebConfiguration - spring.jpa.open-in-view is enabled by default. Therefore, database queries may be performed during view rendering. Explicitly configure spring.jpa.open-in-view to disable this warning
2025-06-30 23:27:52 INFO  [main] o.s.s.web.DefaultSecurityFilterChain - Will secure any request with [org.springframework.security.web.session.DisableEncodeUrlFilter@407956a5, org.springframework.security.web.context.request.async.WebAsyncManagerIntegrationFilter@16c559c7, org.springframework.security.web.context.SecurityContextHolderFilter@d3e9629, org.springframework.security.web.header.HeaderWriterFilter@336b6e93, org.springframework.web.filter.CorsFilter@32a7c583, org.springframework.security.web.authentication.logout.LogoutFilter@cc81cb3, org.springframework.security.web.authentication.www.BasicAuthenticationFilter@65067d90, org.springframework.security.web.savedrequest.RequestCacheAwareFilter@49825659, org.springframework.security.web.servletapi.SecurityContextHolderAwareRequestFilter@2ab0ca04, org.springframework.security.web.authentication.AnonymousAuthenticationFilter@6d598162, org.springframework.security.web.access.ExceptionTranslationFilter@1d63c523, org.springframework.security.web.access.intercept.AuthorizationFilter@5d6d6533]
2025-06-30 23:27:53 INFO  [main] o.a.coyote.http11.Http11NioProtocol - Starting ProtocolHandler ["http-nio-8080"]
2025-06-30 23:27:53 INFO  [main] o.s.b.w.e.tomcat.TomcatWebServer - Tomcat started on port 8080 (http) with context path ''
2025-06-30 23:27:53 INFO  [main] n.e.journalApp.JournalApplication - Started JournalApplication in 10.097 seconds (process running for 11.119)
