2025-06-22 23:38:20 INFO  [SpringApplicationShutdownHook] o.s.o.j.LocalContainerEntityManagerFactoryBean - Closing JPA EntityManagerFactory for persistence unit 'default'
2025-06-22 23:38:20 INFO  [SpringApplicationShutdownHook] com.zaxxer.hikari.HikariDataSource - d2 - Shutdown initiated...
2025-06-22 23:38:20 INFO  [SpringApplicationShutdownHook] com.zaxxer.hikari.HikariDataSource - d2 - Shutdown completed.
2025-06-22 23:38:29 INFO  [main] n.e.journalApp.JournalApplication - Starting JournalApplication using Java 21.0.7 with PID 2584 (D:\journalApp\journalApp\target\classes started by pdeen in D:\journalApp)
2025-06-22 23:38:29 DEBUG [main] n.e.journalApp.JournalApplication - Running with Spring Boot v3.2.4, Spring v6.1.5
2025-06-22 23:38:29 INFO  [main] n.e.journalApp.JournalApplication - The following 1 profile is active: "dev"
2025-06-22 23:38:30 INFO  [main] o.s.d.r.c.RepositoryConfigurationDelegate - Bootstrapping Spring Data JPA repositories in DEFAULT mode.
2025-06-22 23:38:30 INFO  [main] o.s.d.r.c.RepositoryConfigurationDelegate - Finished Spring Data repository scanning in 81 ms. Found 2 JPA repository interfaces.
2025-06-22 23:38:31 INFO  [main] o.s.b.w.e.tomcat.TomcatWebServer - Tomcat initialized with port 8080 (http)
2025-06-22 23:38:31 INFO  [main] o.a.coyote.http11.Http11NioProtocol - Initializing ProtocolHandler ["http-nio-8080"]
2025-06-22 23:38:31 INFO  [main] o.a.catalina.core.StandardService - Starting service [Tomcat]
2025-06-22 23:38:31 INFO  [main] o.a.catalina.core.StandardEngine - Starting Servlet engine: [Apache Tomcat/10.1.19]
2025-06-22 23:38:31 INFO  [main] o.a.c.c.C.[Tomcat].[localhost].[/] - Initializing Spring embedded WebApplicationContext
2025-06-22 23:38:31 INFO  [main] o.s.b.w.s.c.ServletWebServerApplicationContext - Root WebApplicationContext: initialization completed in 2319 ms
2025-06-22 23:38:32 INFO  [main] o.s.o.j.p.SpringPersistenceUnitInfo - No LoadTimeWeaver setup: ignoring JPA class transformer
2025-06-22 23:38:32 INFO  [main] com.zaxxer.hikari.HikariDataSource - d2 - Starting...
2025-06-22 23:38:33 INFO  [main] com.zaxxer.hikari.pool.HikariPool - d2 - Added connection com.mysql.cj.jdbc.ConnectionImpl@33430fc
2025-06-22 23:38:33 INFO  [main] com.zaxxer.hikari.HikariDataSource - d2 - Start completed.
2025-06-22 23:38:33 WARN  [main] org.hibernate.orm.deprecation - HHH90000025: MySQLDialect does not need to be specified explicitly using 'hibernate.dialect' (remove the property setting and it will be selected by default)
2025-06-22 23:38:34 INFO  [main] o.s.o.j.LocalContainerEntityManagerFactoryBean - Initialized JPA EntityManagerFactory for persistence unit 'default'
2025-06-22 23:38:35 WARN  [main] o.s.b.a.o.j.JpaBaseConfiguration$JpaWebConfiguration - spring.jpa.open-in-view is enabled by default. Therefore, database queries may be performed during view rendering. Explicitly configure spring.jpa.open-in-view to disable this warning
2025-06-22 23:38:35 INFO  [main] o.s.s.web.DefaultSecurityFilterChain - Will secure any request with [org.springframework.security.web.session.DisableEncodeUrlFilter@7021bb55, org.springframework.security.web.context.request.async.WebAsyncManagerIntegrationFilter@6023b54f, org.springframework.security.web.context.SecurityContextHolderFilter@46059b73, org.springframework.security.web.header.HeaderWriterFilter@113a89c5, org.springframework.web.filter.CorsFilter@14d9ae22, org.springframework.security.web.authentication.logout.LogoutFilter@344f4a82, org.springframework.security.web.authentication.www.BasicAuthenticationFilter@702e21c, org.springframework.security.web.savedrequest.RequestCacheAwareFilter@6bb46040, org.springframework.security.web.servletapi.SecurityContextHolderAwareRequestFilter@2b71a12e, org.springframework.security.web.authentication.AnonymousAuthenticationFilter@15e881c0, org.springframework.security.web.access.ExceptionTranslationFilter@407ff25f, org.springframework.security.web.access.intercept.AuthorizationFilter@7de2c19c]
2025-06-22 23:38:36 INFO  [main] o.a.coyote.http11.Http11NioProtocol - Starting ProtocolHandler ["http-nio-8080"]
2025-06-22 23:38:36 INFO  [main] o.s.b.w.e.tomcat.TomcatWebServer - Tomcat started on port 8080 (http) with context path ''
2025-06-22 23:38:36 INFO  [main] n.e.journalApp.JournalApplication - Started JournalApplication in 7.459 seconds (process running for 8.377)
2025-06-22 23:38:57 INFO  [SpringApplicationShutdownHook] o.s.o.j.LocalContainerEntityManagerFactoryBean - Closing JPA EntityManagerFactory for persistence unit 'default'
2025-06-22 23:38:57 INFO  [SpringApplicationShutdownHook] com.zaxxer.hikari.HikariDataSource - d2 - Shutdown initiated...
2025-06-22 23:38:57 INFO  [SpringApplicationShutdownHook] com.zaxxer.hikari.HikariDataSource - d2 - Shutdown completed.
