2025-06-22 23:24:20 INFO  [main] n.e.journalApp.JournalApplication - Starting JournalApplication using Java 21.0.7 with PID 7660 (D:\journalApp\journalApp\target\classes started by pdeen in D:\journalApp)
2025-06-22 23:24:20 DEBUG [main] n.e.journalApp.JournalApplication - Running with Spring Boot v3.2.4, Spring v6.1.5
2025-06-22 23:24:20 INFO  [main] n.e.journalApp.JournalApplication - The following 1 profile is active: "dev"
2025-06-22 23:24:22 INFO  [main] o.s.d.r.c.RepositoryConfigurationDelegate - Bootstrapping Spring Data JPA repositories in DEFAULT mode.
2025-06-22 23:24:22 INFO  [main] o.s.d.r.c.RepositoryConfigurationDelegate - Finished Spring Data repository scanning in 94 ms. Found 2 JPA repository interfaces.
2025-06-22 23:24:23 INFO  [main] o.s.b.w.e.tomcat.TomcatWebServer - Tomcat initialized with port 8080 (http)
2025-06-22 23:24:23 INFO  [main] o.a.coyote.http11.Http11NioProtocol - Initializing ProtocolHandler ["http-nio-8080"]
2025-06-22 23:24:23 INFO  [main] o.a.catalina.core.StandardService - Starting service [Tomcat]
2025-06-22 23:24:23 INFO  [main] o.a.catalina.core.StandardEngine - Starting Servlet engine: [Apache Tomcat/10.1.19]
2025-06-22 23:24:23 INFO  [main] o.a.c.c.C.[Tomcat].[localhost].[/] - Initializing Spring embedded WebApplicationContext
2025-06-22 23:24:23 INFO  [main] o.s.b.w.s.c.ServletWebServerApplicationContext - Root WebApplicationContext: initialization completed in 2940 ms
2025-06-22 23:24:24 INFO  [main] o.s.o.j.p.SpringPersistenceUnitInfo - No LoadTimeWeaver setup: ignoring JPA class transformer
2025-06-22 23:24:24 INFO  [main] com.zaxxer.hikari.HikariDataSource - d2 - Starting...
2025-06-22 23:24:25 INFO  [main] com.zaxxer.hikari.pool.HikariPool - d2 - Added connection com.mysql.cj.jdbc.ConnectionImpl@55d99dc3
2025-06-22 23:24:25 INFO  [main] com.zaxxer.hikari.HikariDataSource - d2 - Start completed.
2025-06-22 23:24:25 WARN  [main] org.hibernate.orm.deprecation - HHH90000025: MySQLDialect does not need to be specified explicitly using 'hibernate.dialect' (remove the property setting and it will be selected by default)
2025-06-22 23:24:27 INFO  [main] o.s.o.j.LocalContainerEntityManagerFactoryBean - Initialized JPA EntityManagerFactory for persistence unit 'default'
2025-06-22 23:24:27 WARN  [main] o.s.b.a.o.j.JpaBaseConfiguration$JpaWebConfiguration - spring.jpa.open-in-view is enabled by default. Therefore, database queries may be performed during view rendering. Explicitly configure spring.jpa.open-in-view to disable this warning
2025-06-22 23:24:28 INFO  [main] o.s.s.web.DefaultSecurityFilterChain - Will secure any request with [org.springframework.security.web.session.DisableEncodeUrlFilter@3be2ef56, org.springframework.security.web.context.request.async.WebAsyncManagerIntegrationFilter@5a8149f6, org.springframework.security.web.context.SecurityContextHolderFilter@6b23897a, org.springframework.security.web.header.HeaderWriterFilter@6779959d, org.springframework.web.filter.CorsFilter@672549f3, org.springframework.security.web.authentication.logout.LogoutFilter@7bc239db, org.springframework.security.web.authentication.www.BasicAuthenticationFilter@2f59cb6f, org.springframework.security.web.savedrequest.RequestCacheAwareFilter@21cb5648, org.springframework.security.web.servletapi.SecurityContextHolderAwareRequestFilter@69fa5536, org.springframework.security.web.authentication.AnonymousAuthenticationFilter@4791d904, org.springframework.security.web.access.ExceptionTranslationFilter@3d84f113, org.springframework.security.web.access.intercept.AuthorizationFilter@2e2a2b07]
2025-06-22 23:24:28 INFO  [main] o.a.coyote.http11.Http11NioProtocol - Starting ProtocolHandler ["http-nio-8080"]
2025-06-22 23:24:28 INFO  [main] o.s.b.w.e.tomcat.TomcatWebServer - Tomcat started on port 8080 (http) with context path ''
2025-06-22 23:24:28 INFO  [main] n.e.journalApp.JournalApplication - Started JournalApplication in 8.914 seconds (process running for 9.927)
