2025-06-30 23:41:19 INFO  [SpringApplicationShutdownHook] o.s.o.j.LocalContainerEntityManagerFactoryBean - Closing JPA EntityManagerFactory for persistence unit 'default'
2025-06-30 23:41:19 INFO  [SpringApplicationShutdownHook] com.zaxxer.hikari.HikariDataSource - d2 - Shutdown initiated...
2025-06-30 23:41:19 INFO  [SpringApplicationShutdownHook] com.zaxxer.hikari.HikariDataSource - d2 - Shutdown completed.
2025-06-30 23:41:25 INFO  [main] n.e.journalApp.JournalApplication - Starting JournalApplication using Java 21.0.7 with PID 4740 (D:\journalApp\journalApp\target\classes started by pdeen in D:\journalApp)
2025-06-30 23:41:25 DEBUG [main] n.e.journalApp.JournalApplication - Running with Spring Boot v3.2.4, Spring v6.1.5
2025-06-30 23:41:25 INFO  [main] n.e.journalApp.JournalApplication - The following 1 profile is active: "dev"
2025-06-30 23:41:27 INFO  [main] o.s.d.r.c.RepositoryConfigurationDelegate - Multiple Spring Data modules found, entering strict repository configuration mode
2025-06-30 23:41:27 INFO  [main] o.s.d.r.c.RepositoryConfigurationDelegate - Bootstrapping Spring Data JPA repositories in DEFAULT mode.
2025-06-30 23:41:27 INFO  [main] o.s.d.r.c.RepositoryConfigurationDelegate - Finished Spring Data repository scanning in 180 ms. Found 2 JPA repository interfaces.
2025-06-30 23:41:27 INFO  [main] o.s.d.r.c.RepositoryConfigurationDelegate - Multiple Spring Data modules found, entering strict repository configuration mode
2025-06-30 23:41:27 INFO  [main] o.s.d.r.c.RepositoryConfigurationDelegate - Bootstrapping Spring Data Redis repositories in DEFAULT mode.
2025-06-30 23:41:27 INFO  [main] o.s.d.r.c.RepositoryConfigurationExtensionSupport - Spring Data Redis - Could not safely identify store assignment for repository candidate interface net.engineeringdigest.journalApp.repository.JournalEntryRepository; If you want this repository to be a Redis repository, consider annotating your entities with one of these annotations: org.springframework.data.redis.core.RedisHash (preferred), or consider extending one of the following types with your repository: org.springframework.data.keyvalue.repository.KeyValueRepository
2025-06-30 23:41:27 INFO  [main] o.s.d.r.c.RepositoryConfigurationExtensionSupport - Spring Data Redis - Could not safely identify store assignment for repository candidate interface net.engineeringdigest.journalApp.repository.UserRepository; If you want this repository to be a Redis repository, consider annotating your entities with one of these annotations: org.springframework.data.redis.core.RedisHash (preferred), or consider extending one of the following types with your repository: org.springframework.data.keyvalue.repository.KeyValueRepository
2025-06-30 23:41:27 INFO  [main] o.s.d.r.c.RepositoryConfigurationDelegate - Finished Spring Data repository scanning in 23 ms. Found 0 Redis repository interfaces.
2025-06-30 23:41:28 INFO  [main] o.s.b.w.e.tomcat.TomcatWebServer - Tomcat initialized with port 8080 (http)
2025-06-30 23:41:28 INFO  [main] o.a.coyote.http11.Http11NioProtocol - Initializing ProtocolHandler ["http-nio-8080"]
2025-06-30 23:41:28 INFO  [main] o.a.catalina.core.StandardService - Starting service [Tomcat]
2025-06-30 23:41:28 INFO  [main] o.a.catalina.core.StandardEngine - Starting Servlet engine: [Apache Tomcat/10.1.19]
2025-06-30 23:41:28 INFO  [main] o.a.c.c.C.[Tomcat].[localhost].[/] - Initializing Spring embedded WebApplicationContext
2025-06-30 23:41:28 INFO  [main] o.s.b.w.s.c.ServletWebServerApplicationContext - Root WebApplicationContext: initialization completed in 3132 ms
2025-06-30 23:41:30 INFO  [main] o.s.o.j.p.SpringPersistenceUnitInfo - No LoadTimeWeaver setup: ignoring JPA class transformer
2025-06-30 23:41:30 INFO  [main] com.zaxxer.hikari.HikariDataSource - d2 - Starting...
2025-06-30 23:41:30 INFO  [main] com.zaxxer.hikari.pool.HikariPool - d2 - Added connection com.mysql.cj.jdbc.ConnectionImpl@694b1ddb
2025-06-30 23:41:30 INFO  [main] com.zaxxer.hikari.HikariDataSource - d2 - Start completed.
2025-06-30 23:41:30 WARN  [main] org.hibernate.orm.deprecation - HHH90000025: MySQLDialect does not need to be specified explicitly using 'hibernate.dialect' (remove the property setting and it will be selected by default)
2025-06-30 23:41:32 INFO  [main] o.s.o.j.LocalContainerEntityManagerFactoryBean - Initialized JPA EntityManagerFactory for persistence unit 'default'
2025-06-30 23:41:33 WARN  [main] o.s.b.a.o.j.JpaBaseConfiguration$JpaWebConfiguration - spring.jpa.open-in-view is enabled by default. Therefore, database queries may be performed during view rendering. Explicitly configure spring.jpa.open-in-view to disable this warning
2025-06-30 23:41:34 INFO  [main] o.s.s.web.DefaultSecurityFilterChain - Will secure any request with [org.springframework.security.web.session.DisableEncodeUrlFilter@12d76643, org.springframework.security.web.context.request.async.WebAsyncManagerIntegrationFilter@24a5ddd7, org.springframework.security.web.context.SecurityContextHolderFilter@466a5b80, org.springframework.security.web.header.HeaderWriterFilter@c88a842, org.springframework.web.filter.CorsFilter@19266ca3, org.springframework.security.web.authentication.logout.LogoutFilter@4c343088, org.springframework.security.web.authentication.www.BasicAuthenticationFilter@5d6d6533, org.springframework.security.web.savedrequest.RequestCacheAwareFilter@19cee7ed, org.springframework.security.web.servletapi.SecurityContextHolderAwareRequestFilter@4e8e0052, org.springframework.security.web.authentication.AnonymousAuthenticationFilter@4b3ea082, org.springframework.security.web.access.ExceptionTranslationFilter@676beb9f, org.springframework.security.web.access.intercept.AuthorizationFilter@cc81cb3]
2025-06-30 23:41:34 INFO  [main] o.a.coyote.http11.Http11NioProtocol - Starting ProtocolHandler ["http-nio-8080"]
2025-06-30 23:41:34 INFO  [main] o.s.b.w.e.tomcat.TomcatWebServer - Tomcat started on port 8080 (http) with context path ''
2025-06-30 23:41:34 INFO  [main] n.e.journalApp.JournalApplication - Started JournalApplication in 9.921 seconds (process running for 10.949)
