2025-07-02 22:34:18 INFO  [main] n.e.journalApp.JournalApplication - Starting JournalApplication using Java 21.0.7 with PID 9372 (D:\journalApp\journalApp\target\classes started by pdeen in D:\journalApp)
2025-07-02 22:34:18 DEBUG [main] n.e.journalApp.JournalApplication - Running with Spring Boot v3.2.4, Spring v6.1.5
2025-07-02 22:34:18 INFO  [main] n.e.journalApp.JournalApplication - The following 1 profile is active: "dev"
2025-07-02 22:34:20 INFO  [main] o.s.d.r.c.RepositoryConfigurationDelegate - Multiple Spring Data modules found, entering strict repository configuration mode
2025-07-02 22:34:20 INFO  [main] o.s.d.r.c.RepositoryConfigurationDelegate - Bootstrapping Spring Data JPA repositories in DEFAULT mode.
2025-07-02 22:34:20 INFO  [main] o.s.d.r.c.RepositoryConfigurationDelegate - Finished Spring Data repository scanning in 266 ms. Found 2 JPA repository interfaces.
2025-07-02 22:34:20 INFO  [main] o.s.d.r.c.RepositoryConfigurationDelegate - Multiple Spring Data modules found, entering strict repository configuration mode
2025-07-02 22:34:20 INFO  [main] o.s.d.r.c.RepositoryConfigurationDelegate - Bootstrapping Spring Data Redis repositories in DEFAULT mode.
2025-07-02 22:34:20 INFO  [main] o.s.d.r.c.RepositoryConfigurationExtensionSupport - Spring Data Redis - Could not safely identify store assignment for repository candidate interface net.engineeringdigest.journalApp.repository.JournalEntryRepository; If you want this repository to be a Redis repository, consider annotating your entities with one of these annotations: org.springframework.data.redis.core.RedisHash (preferred), or consider extending one of the following types with your repository: org.springframework.data.keyvalue.repository.KeyValueRepository
2025-07-02 22:34:20 INFO  [main] o.s.d.r.c.RepositoryConfigurationExtensionSupport - Spring Data Redis - Could not safely identify store assignment for repository candidate interface net.engineeringdigest.journalApp.repository.UserRepository; If you want this repository to be a Redis repository, consider annotating your entities with one of these annotations: org.springframework.data.redis.core.RedisHash (preferred), or consider extending one of the following types with your repository: org.springframework.data.keyvalue.repository.KeyValueRepository
2025-07-02 22:34:20 INFO  [main] o.s.d.r.c.RepositoryConfigurationDelegate - Finished Spring Data repository scanning in 9 ms. Found 0 Redis repository interfaces.
2025-07-02 22:34:22 INFO  [main] o.s.b.w.e.tomcat.TomcatWebServer - Tomcat initialized with port 8080 (http)
2025-07-02 22:34:22 INFO  [main] o.a.coyote.http11.Http11NioProtocol - Initializing ProtocolHandler ["http-nio-8080"]
2025-07-02 22:34:22 INFO  [main] o.a.catalina.core.StandardService - Starting service [Tomcat]
2025-07-02 22:34:22 INFO  [main] o.a.catalina.core.StandardEngine - Starting Servlet engine: [Apache Tomcat/10.1.19]
2025-07-02 22:34:22 INFO  [main] o.a.c.c.C.[Tomcat].[localhost].[/] - Initializing Spring embedded WebApplicationContext
2025-07-02 22:34:22 INFO  [main] o.s.b.w.s.c.ServletWebServerApplicationContext - Root WebApplicationContext: initialization completed in 3424 ms
2025-07-02 22:34:23 INFO  [main] o.s.o.j.p.SpringPersistenceUnitInfo - No LoadTimeWeaver setup: ignoring JPA class transformer
2025-07-02 22:34:23 INFO  [main] com.zaxxer.hikari.HikariDataSource - d2 - Starting...
2025-07-02 22:34:24 INFO  [main] com.zaxxer.hikari.pool.HikariPool - d2 - Added connection com.mysql.cj.jdbc.ConnectionImpl@7f5ecada
2025-07-02 22:34:24 INFO  [main] com.zaxxer.hikari.HikariDataSource - d2 - Start completed.
2025-07-02 22:34:24 WARN  [main] org.hibernate.orm.deprecation - HHH90000025: MySQLDialect does not need to be specified explicitly using 'hibernate.dialect' (remove the property setting and it will be selected by default)
2025-07-02 22:34:26 INFO  [main] o.s.o.j.LocalContainerEntityManagerFactoryBean - Initialized JPA EntityManagerFactory for persistence unit 'default'
2025-07-02 22:34:27 WARN  [main] o.s.b.a.o.j.JpaBaseConfiguration$JpaWebConfiguration - spring.jpa.open-in-view is enabled by default. Therefore, database queries may be performed during view rendering. Explicitly configure spring.jpa.open-in-view to disable this warning
2025-07-02 22:34:28 INFO  [main] o.s.s.web.DefaultSecurityFilterChain - Will secure any request with [org.springframework.security.web.session.DisableEncodeUrlFilter@3fc2197d, org.springframework.security.web.context.request.async.WebAsyncManagerIntegrationFilter@5a429813, org.springframework.security.web.context.SecurityContextHolderFilter@7ebefdfa, org.springframework.security.web.header.HeaderWriterFilter@5a98983b, org.springframework.web.filter.CorsFilter@348b26e0, org.springframework.security.web.authentication.logout.LogoutFilter@575a6540, org.springframework.security.web.authentication.www.BasicAuthenticationFilter@173e4b75, org.springframework.security.web.savedrequest.RequestCacheAwareFilter@751eb9a9, org.springframework.security.web.servletapi.SecurityContextHolderAwareRequestFilter@749ebc39, org.springframework.security.web.authentication.AnonymousAuthenticationFilter@26ab3c1b, org.springframework.security.web.access.ExceptionTranslationFilter@12b0440b, org.springframework.security.web.access.intercept.AuthorizationFilter@1fc02a84]
2025-07-02 22:34:29 INFO  [main] o.a.coyote.http11.Http11NioProtocol - Starting ProtocolHandler ["http-nio-8080"]
2025-07-02 22:34:29 INFO  [main] o.s.b.w.e.tomcat.TomcatWebServer - Tomcat started on port 8080 (http) with context path ''
2025-07-02 22:34:29 INFO  [main] n.e.journalApp.JournalApplication - Started JournalApplication in 11.463 seconds (process running for 12.719)
2025-07-02 22:34:57 INFO  [http-nio-8080-exec-4] o.a.c.c.C.[Tomcat].[localhost].[/] - Initializing Spring DispatcherServlet 'dispatcherServlet'
2025-07-02 22:34:57 INFO  [http-nio-8080-exec-4] o.s.web.servlet.DispatcherServlet - Initializing Servlet 'dispatcherServlet'
2025-07-02 22:34:57 INFO  [http-nio-8080-exec-4] o.s.web.servlet.DispatcherServlet - Completed initialization in 2 ms
