2025-06-17 00:06:46 INFO  [main] n.e.journalApp.JournalApplication - Starting JournalApplication using Java 21.0.7 with PID 3460 (D:\journalApp\journalApp\target\classes started by pdeen in D:\journalApp)
2025-06-17 00:06:46 DEBUG [main] n.e.journalApp.JournalApplication - Running with Spring Boot v3.2.4, Spring v6.1.5
2025-06-17 00:06:46 INFO  [main] n.e.journalApp.JournalApplication - The following 1 profile is active: "dev"
2025-06-17 00:06:47 INFO  [main] o.s.d.r.c.RepositoryConfigurationDelegate - Bootstrapping Spring Data JPA repositories in DEFAULT mode.
2025-06-17 00:06:47 INFO  [main] o.s.d.r.c.RepositoryConfigurationDelegate - Finished Spring Data repository scanning in 83 ms. Found 2 JPA repository interfaces.
2025-06-17 00:06:48 INFO  [main] o.s.b.w.e.tomcat.TomcatWebServer - Tomcat initialized with port 8080 (http)
2025-06-17 00:06:48 INFO  [main] o.a.coyote.http11.Http11NioProtocol - Initializing ProtocolHandler ["http-nio-8080"]
2025-06-17 00:06:48 INFO  [main] o.a.catalina.core.StandardService - Starting service [Tomcat]
2025-06-17 00:06:48 INFO  [main] o.a.catalina.core.StandardEngine - Starting Servlet engine: [Apache Tomcat/10.1.19]
2025-06-17 00:06:48 INFO  [main] o.a.c.c.C.[Tomcat].[localhost].[/] - Initializing Spring embedded WebApplicationContext
2025-06-17 00:06:48 INFO  [main] o.s.b.w.s.c.ServletWebServerApplicationContext - Root WebApplicationContext: initialization completed in 2353 ms
2025-06-17 00:06:49 INFO  [main] o.s.o.j.p.SpringPersistenceUnitInfo - No LoadTimeWeaver setup: ignoring JPA class transformer
2025-06-17 00:06:49 INFO  [main] com.zaxxer.hikari.HikariDataSource - d2 - Starting...
2025-06-17 00:06:49 INFO  [main] com.zaxxer.hikari.pool.HikariPool - d2 - Added connection com.mysql.cj.jdbc.ConnectionImpl@2d38db6f
2025-06-17 00:06:49 INFO  [main] com.zaxxer.hikari.HikariDataSource - d2 - Start completed.
2025-06-17 00:06:49 WARN  [main] org.hibernate.orm.deprecation - HHH90000025: MySQLDialect does not need to be specified explicitly using 'hibernate.dialect' (remove the property setting and it will be selected by default)
2025-06-17 00:06:51 INFO  [main] o.s.o.j.LocalContainerEntityManagerFactoryBean - Initialized JPA EntityManagerFactory for persistence unit 'default'
2025-06-17 00:06:51 WARN  [main] o.s.b.a.o.j.JpaBaseConfiguration$JpaWebConfiguration - spring.jpa.open-in-view is enabled by default. Therefore, database queries may be performed during view rendering. Explicitly configure spring.jpa.open-in-view to disable this warning
2025-06-17 00:06:52 INFO  [main] o.s.s.web.DefaultSecurityFilterChain - Will secure any request with [org.springframework.security.web.session.DisableEncodeUrlFilter@7e9d171c, org.springframework.security.web.context.request.async.WebAsyncManagerIntegrationFilter@3a1540be, org.springframework.security.web.context.SecurityContextHolderFilter@71e2ddd, org.springframework.security.web.header.HeaderWriterFilter@67cd1db3, org.springframework.web.filter.CorsFilter@6aff157e, org.springframework.security.web.authentication.logout.LogoutFilter@156d7556, org.springframework.security.web.authentication.www.BasicAuthenticationFilter@1dab2cf5, org.springframework.security.web.savedrequest.RequestCacheAwareFilter@b97f195, org.springframework.security.web.servletapi.SecurityContextHolderAwareRequestFilter@408bb173, org.springframework.security.web.authentication.AnonymousAuthenticationFilter@65fa1cd, org.springframework.security.web.access.ExceptionTranslationFilter@7a3ab73a, org.springframework.security.web.access.intercept.AuthorizationFilter@60ae950f]
2025-06-17 00:06:52 INFO  [main] o.a.coyote.http11.Http11NioProtocol - Starting ProtocolHandler ["http-nio-8080"]
2025-06-17 00:06:52 INFO  [main] o.s.b.w.e.tomcat.TomcatWebServer - Tomcat started on port 8080 (http) with context path ''
2025-06-17 00:06:52 INFO  [main] n.e.journalApp.JournalApplication - Started JournalApplication in 7.292 seconds (process running for 8.212)
