2025-06-21 23:00:19 INFO  [main] n.e.journalApp.JournalApplication - Starting JournalApplication using Java 21.0.7 with PID 10984 (D:\journalApp\journalApp\target\classes started by pdeen in D:\journalApp)
2025-06-21 23:00:19 DEBUG [main] n.e.journalApp.JournalApplication - Running with Spring Boot v3.2.4, Spring v6.1.5
2025-06-21 23:00:19 INFO  [main] n.e.journalApp.JournalApplication - The following 1 profile is active: "dev"
2025-06-21 23:00:21 INFO  [main] o.s.d.r.c.RepositoryConfigurationDelegate - Bootstrapping Spring Data JPA repositories in DEFAULT mode.
2025-06-21 23:00:21 INFO  [main] o.s.d.r.c.RepositoryConfigurationDelegate - Finished Spring Data repository scanning in 130 ms. Found 2 JPA repository interfaces.
2025-06-21 23:00:22 INFO  [main] o.s.b.w.e.tomcat.TomcatWebServer - Tomcat initialized with port 8080 (http)
2025-06-21 23:00:22 INFO  [main] o.a.coyote.http11.Http11NioProtocol - Initializing ProtocolHandler ["http-nio-8080"]
2025-06-21 23:00:22 INFO  [main] o.a.catalina.core.StandardService - Starting service [Tomcat]
2025-06-21 23:00:22 INFO  [main] o.a.catalina.core.StandardEngine - Starting Servlet engine: [Apache Tomcat/10.1.19]
2025-06-21 23:00:22 INFO  [main] o.a.c.c.C.[Tomcat].[localhost].[/] - Initializing Spring embedded WebApplicationContext
2025-06-21 23:00:22 INFO  [main] o.s.b.w.s.c.ServletWebServerApplicationContext - Root WebApplicationContext: initialization completed in 2237 ms
2025-06-21 23:00:22 INFO  [main] o.s.o.j.p.SpringPersistenceUnitInfo - No LoadTimeWeaver setup: ignoring JPA class transformer
2025-06-21 23:00:22 INFO  [main] com.zaxxer.hikari.HikariDataSource - d2 - Starting...
2025-06-21 23:00:23 INFO  [main] com.zaxxer.hikari.pool.HikariPool - d2 - Added connection com.mysql.cj.jdbc.ConnectionImpl@e886caf
2025-06-21 23:00:23 INFO  [main] com.zaxxer.hikari.HikariDataSource - d2 - Start completed.
2025-06-21 23:00:23 WARN  [main] org.hibernate.orm.deprecation - HHH90000025: MySQLDialect does not need to be specified explicitly using 'hibernate.dialect' (remove the property setting and it will be selected by default)
2025-06-21 23:00:24 INFO  [main] o.s.o.j.LocalContainerEntityManagerFactoryBean - Initialized JPA EntityManagerFactory for persistence unit 'default'
2025-06-21 23:00:25 WARN  [main] o.s.b.w.s.c.AnnotationConfigServletWebServerApplicationContext - Exception encountered during context initialization - cancelling refresh attempt: org.springframework.beans.factory.UnsatisfiedDependencyException: Error creating bean with name 'emailService': Unsatisfied dependency expressed through field 'javaMailSender': No qualifying bean of type 'org.springframework.mail.javamail.JavaMailSender' available: expected at least 1 bean which qualifies as autowire candidate. Dependency annotations: {@org.springframework.beans.factory.annotation.Autowired(required=true)}
2025-06-21 23:00:25 INFO  [main] o.s.o.j.LocalContainerEntityManagerFactoryBean - Closing JPA EntityManagerFactory for persistence unit 'default'
2025-06-21 23:00:25 INFO  [main] com.zaxxer.hikari.HikariDataSource - d2 - Shutdown initiated...
2025-06-21 23:00:25 INFO  [main] com.zaxxer.hikari.HikariDataSource - d2 - Shutdown completed.
2025-06-21 23:00:25 INFO  [main] o.a.catalina.core.StandardService - Stopping service [Tomcat]
2025-06-21 23:00:25 INFO  [main] o.s.b.a.l.ConditionEvaluationReportLogger - 

Error starting ApplicationContext. To display the condition evaluation report re-run your application with 'debug' enabled.
2025-06-21 23:00:25 ERROR [main] o.s.b.d.LoggingFailureAnalysisReporter - 

***************************
APPLICATION FAILED TO START
***************************

Description:

Field javaMailSender in net.engineeringdigest.journalApp.service.EmailService required a bean of type 'org.springframework.mail.javamail.JavaMailSender' that could not be found.

The injection point has the following annotations:
	- @org.springframework.beans.factory.annotation.Autowired(required=true)


Action:

Consider defining a bean of type 'org.springframework.mail.javamail.JavaMailSender' in your configuration.

