2025-06-21 23:27:00 INFO  [main] o.s.o.j.p.SpringPersistenceUnitInfo - No LoadTimeWeaver setup: ignoring JPA class transformer
2025-06-21 23:27:00 INFO  [main] com.zaxxer.hikari.HikariDataSource - d2 - Starting...
2025-06-21 23:27:01 INFO  [main] com.zaxxer.hikari.pool.HikariPool - d2 - Added connection com.mysql.cj.jdbc.ConnectionImpl@323efafe
2025-06-21 23:27:01 INFO  [main] com.zaxxer.hikari.HikariDataSource - d2 - Start completed.
2025-06-21 23:27:01 WARN  [main] org.hibernate.orm.deprecation - HHH90000025: MySQLDialect does not need to be specified explicitly using 'hibernate.dialect' (remove the property setting and it will be selected by default)
2025-06-21 23:27:03 INFO  [main] o.s.o.j.LocalContainerEntityManagerFactoryBean - Initialized JPA EntityManagerFactory for persistence unit 'default'
2025-06-21 23:27:04 WARN  [main] o.s.b.a.o.j.JpaBaseConfiguration$JpaWebConfiguration - spring.jpa.open-in-view is enabled by default. Therefore, database queries may be performed during view rendering. Explicitly configure spring.jpa.open-in-view to disable this warning
2025-06-21 23:27:04 INFO  [main] o.s.s.web.DefaultSecurityFilterChain - Will secure any request with [org.springframework.security.web.session.DisableEncodeUrlFilter@7271320c, org.springframework.security.web.context.request.async.WebAsyncManagerIntegrationFilter@12ce659, org.springframework.security.web.context.SecurityContextHolderFilter@318ca53a, org.springframework.security.web.header.HeaderWriterFilter@7f588bc6, org.springframework.web.filter.CorsFilter@36299b83, org.springframework.security.web.authentication.logout.LogoutFilter@672c4e24, org.springframework.security.web.authentication.www.BasicAuthenticationFilter@1f4d9c7f, org.springframework.security.web.savedrequest.RequestCacheAwareFilter@72f91c91, org.springframework.security.web.servletapi.SecurityContextHolderAwareRequestFilter@69d6fe75, org.springframework.security.web.authentication.AnonymousAuthenticationFilter@7212d3df, org.springframework.security.web.access.ExceptionTranslationFilter@4bfaff23, org.springframework.security.web.access.intercept.AuthorizationFilter@6fc84468]
2025-06-21 23:27:05 INFO  [main] o.a.coyote.http11.Http11NioProtocol - Starting ProtocolHandler ["http-nio-8080"]
2025-06-21 23:27:05 INFO  [main] o.s.b.w.e.tomcat.TomcatWebServer - Tomcat started on port 8080 (http) with context path ''
2025-06-21 23:27:05 INFO  [main] n.e.journalApp.JournalApplication - Started JournalApplication in 8.84 seconds (process running for 10.094)
2025-06-21 23:27:20 INFO  [SpringApplicationShutdownHook] o.s.o.j.LocalContainerEntityManagerFactoryBean - Closing JPA EntityManagerFactory for persistence unit 'default'
2025-06-21 23:27:20 INFO  [SpringApplicationShutdownHook] com.zaxxer.hikari.HikariDataSource - d2 - Shutdown initiated...
2025-06-21 23:27:20 INFO  [SpringApplicationShutdownHook] com.zaxxer.hikari.HikariDataSource - d2 - Shutdown completed.
2025-06-21 23:27:29 INFO  [main] n.e.journalApp.JournalApplication - Starting JournalApplication using Java 21.0.7 with PID 14156 (D:\journalApp\journalApp\target\classes started by pdeen in D:\journalApp)
2025-06-21 23:27:29 DEBUG [main] n.e.journalApp.JournalApplication - Running with Spring Boot v3.2.4, Spring v6.1.5
2025-06-21 23:27:29 INFO  [main] n.e.journalApp.JournalApplication - The following 1 profile is active: "dev"
2025-06-21 23:27:30 INFO  [main] o.s.d.r.c.RepositoryConfigurationDelegate - Bootstrapping Spring Data JPA repositories in DEFAULT mode.
2025-06-21 23:27:30 INFO  [main] o.s.d.r.c.RepositoryConfigurationDelegate - Finished Spring Data repository scanning in 73 ms. Found 2 JPA repository interfaces.
2025-06-21 23:27:31 INFO  [main] o.s.b.w.e.tomcat.TomcatWebServer - Tomcat initialized with port 8080 (http)
2025-06-21 23:27:31 INFO  [main] o.a.coyote.http11.Http11NioProtocol - Initializing ProtocolHandler ["http-nio-8080"]
2025-06-21 23:27:31 INFO  [main] o.a.catalina.core.StandardService - Starting service [Tomcat]
2025-06-21 23:27:31 INFO  [main] o.a.catalina.core.StandardEngine - Starting Servlet engine: [Apache Tomcat/10.1.19]
2025-06-21 23:27:31 INFO  [main] o.a.c.c.C.[Tomcat].[localhost].[/] - Initializing Spring embedded WebApplicationContext
2025-06-21 23:27:31 INFO  [main] o.s.b.w.s.c.ServletWebServerApplicationContext - Root WebApplicationContext: initialization completed in 2168 ms
2025-06-21 23:27:32 INFO  [main] o.s.o.j.p.SpringPersistenceUnitInfo - No LoadTimeWeaver setup: ignoring JPA class transformer
2025-06-21 23:27:32 INFO  [main] com.zaxxer.hikari.HikariDataSource - d2 - Starting...
2025-06-21 23:27:32 INFO  [main] com.zaxxer.hikari.pool.HikariPool - d2 - Added connection com.mysql.cj.jdbc.ConnectionImpl@26c59348
2025-06-21 23:27:32 INFO  [main] com.zaxxer.hikari.HikariDataSource - d2 - Start completed.
2025-06-21 23:27:32 WARN  [main] org.hibernate.orm.deprecation - HHH90000025: MySQLDialect does not need to be specified explicitly using 'hibernate.dialect' (remove the property setting and it will be selected by default)
2025-06-21 23:27:34 INFO  [main] o.s.o.j.LocalContainerEntityManagerFactoryBean - Initialized JPA EntityManagerFactory for persistence unit 'default'
2025-06-21 23:27:34 WARN  [main] o.s.b.a.o.j.JpaBaseConfiguration$JpaWebConfiguration - spring.jpa.open-in-view is enabled by default. Therefore, database queries may be performed during view rendering. Explicitly configure spring.jpa.open-in-view to disable this warning
2025-06-21 23:27:35 INFO  [main] o.s.s.web.DefaultSecurityFilterChain - Will secure any request with [org.springframework.security.web.session.DisableEncodeUrlFilter@65067d37, org.springframework.security.web.context.request.async.WebAsyncManagerIntegrationFilter@74f9004c, org.springframework.security.web.context.SecurityContextHolderFilter@31d791c0, org.springframework.security.web.header.HeaderWriterFilter@70a8654, org.springframework.web.filter.CorsFilter@4f2a0909, org.springframework.security.web.authentication.logout.LogoutFilter@1eaf4e77, org.springframework.security.web.authentication.www.BasicAuthenticationFilter@30942f54, org.springframework.security.web.savedrequest.RequestCacheAwareFilter@66ab3716, org.springframework.security.web.servletapi.SecurityContextHolderAwareRequestFilter@103a1ad3, org.springframework.security.web.authentication.AnonymousAuthenticationFilter@34947355, org.springframework.security.web.access.ExceptionTranslationFilter@473c491, org.springframework.security.web.access.intercept.AuthorizationFilter@7053a864]
2025-06-21 23:27:35 INFO  [main] o.a.coyote.http11.Http11NioProtocol - Starting ProtocolHandler ["http-nio-8080"]
2025-06-21 23:27:35 INFO  [main] o.s.b.w.e.tomcat.TomcatWebServer - Tomcat started on port 8080 (http) with context path ''
2025-06-21 23:27:35 INFO  [main] n.e.journalApp.JournalApplication - Started JournalApplication in 6.635 seconds (process running for 7.492)
